2011/02/07 14:15:42 INFO  - jmeter.util.JMeterUtils: Setting Locale to en_US 
2011/02/07 14:15:42 INFO  - jmeter.JMeter: Loading user properties from: /home/isuftin/Work/JMeter/bin/user.properties 
2011/02/07 14:15:42 INFO  - jmeter.JMeter: Loading system properties from: /home/isuftin/Work/JMeter/bin/system.properties 
2011/02/07 14:15:42 INFO  - jmeter.JMeter: Copyright (c) 1998-2010 The Apache Software Foundation 
2011/02/07 14:15:42 INFO  - jmeter.JMeter: Version 2.4 r961953 
2011/02/07 14:15:42 INFO  - jmeter.JMeter: java.version=1.6.0_22 
2011/02/07 14:15:42 INFO  - jmeter.JMeter: java.vm.name=Java HotSpot(TM) 64-Bit Server VM 
2011/02/07 14:15:42 INFO  - jmeter.JMeter: os.name=Linux 
2011/02/07 14:15:42 INFO  - jmeter.JMeter: os.arch=amd64 
2011/02/07 14:15:42 INFO  - jmeter.JMeter: os.version=2.6.35-26-generic 
2011/02/07 14:15:42 INFO  - jmeter.JMeter: file.encoding=UTF-8 
2011/02/07 14:15:42 INFO  - jmeter.JMeter: Default Locale=English (United States) 
2011/02/07 14:15:42 INFO  - jmeter.JMeter: JMeter  Locale=English (United States) 
2011/02/07 14:15:42 INFO  - jmeter.JMeter: JMeterHome=/home/isuftin/Work/JMeter 
2011/02/07 14:15:42 INFO  - jmeter.JMeter: user.dir  =/home/isuftin/Work/JMeter/bin 
2011/02/07 14:15:42 INFO  - jmeter.JMeter: PWD       =/home/isuftin/Work/JMeter/bin 
2011/02/07 14:15:42 INFO  - jmeter.JMeter: IP: 127.0.0.1 Name: isuftin-linux FullName: isuftin-linux 
2011/02/07 14:15:42 INFO  - jmeter.JMeter: Loaded icon properties from org/apache/jmeter/images/icon.properties 
2011/02/07 14:15:44 INFO  - jmeter.engine.util.CompoundVariable: Note: Function class names must contain the string: '.functions.' 
2011/02/07 14:15:44 INFO  - jmeter.engine.util.CompoundVariable: Note: Function class names must not contain the string: '.gui.' 
2011/02/07 14:15:44 INFO  - jmeter.util.BSFTestElement: Registering JMeter version of JavaScript engine as work-round for BSF-22 
2011/02/07 14:15:45 INFO  - jmeter.protocol.http.sampler.HTTPSamplerBase: Cannot find .className property for htmlParser, using default 
2011/02/07 14:15:45 INFO  - jmeter.protocol.http.sampler.HTTPSamplerBase: Parser for text/html is  
2011/02/07 14:15:45 INFO  - jmeter.protocol.http.sampler.HTTPSamplerBase: Parser for application/xhtml+xml is  
2011/02/07 14:15:45 INFO  - jmeter.protocol.http.sampler.HTTPSamplerBase: Parser for application/xml is  
2011/02/07 14:15:45 INFO  - jmeter.protocol.http.sampler.HTTPSamplerBase: Parser for text/xml is  
2011/02/07 14:15:45 INFO  - jmeter.protocol.http.sampler.HTTPSamplerBase: Parser for text/vnd.wap.wml is org.apache.jmeter.protocol.http.parser.RegexpHTMLParser 
2011/02/07 14:15:45 INFO  - jmeter.gui.util.MenuFactory: Skipping org.apache.jmeter.protocol.http.modifier.gui.ParamModifierGui 
2011/02/07 14:15:45 INFO  - jmeter.gui.util.MenuFactory: Skipping org.apache.jmeter.protocol.http.modifier.gui.UserParameterModifierGui 
2011/02/07 14:15:45 INFO  - jmeter.protocol.http.sampler.HTTPSampler: Maximum connection retries = 10 
2011/02/07 14:15:46 INFO  - jmeter.samplers.SampleResult: Note: Sample TimeStamps are START times 
2011/02/07 14:15:46 INFO  - jmeter.samplers.SampleResult: sampleresult.default.encoding is set to ISO-8859-1 
